Using pre-set license
Built from '2021.1/staging' branch; Version is '2021.1.22f1 (a137e5fb0427) revision 10565605'; Using compiler version '192528614'; Build Type 'Release'
OS: 'Windows 10 Home; OS build 19043.1415; Version 2009; 64bit' Language: 'de' Physical Memory: 8110 MB
BatchMode: 1, IsHumanControllingUs: 0, StartBugReporterOnCrash: 0, Is64bit: 1, IsPro: 0

COMMAND LINE ARGUMENTS:
C:\Program Files\Unity\Hub\Editor\2021.1.22f1\Editor\Unity.exe
-adb2
-batchMode
-noUpm
-name
AssetImportWorker0
-projectPath
D:/Uni/BA/Unity/ml-agents-main/Project
-logFile
Logs/AssetImportWorker0.log
-srvPort
57699
Successfully changed project path to: D:/Uni/BA/Unity/ml-agents-main/Project
D:/Uni/BA/Unity/ml-agents-main/Project
Using Asset Import Pipeline V2.
Refreshing native plugins compatible for Editor in 34.13 ms, found 1 plugins.
Preloading 0 native plugins for Editor in 0.00 ms.
Initialize engine version: 2021.1.22f1 (a137e5fb0427)
[Subsystems] Discovering subsystems at path C:/Program Files/Unity/Hub/Editor/2021.1.22f1/Editor/Data/Resources/UnitySubsystems
[Subsystems] Discovering subsystems at path D:/Uni/BA/Unity/ml-agents-main/Project/Assets
GfxDevice: creating device client; threaded=0; jobified=0
Direct3D:
    Version:  Direct3D 11.0 [level 11.0]
    Renderer: NVIDIA GeForce 940MX (ID=0x134d)
    Vendor:   NVIDIA
    VRAM:     2010 MB
    Driver:   27.21.14.6677
Initialize mono
Mono path[0] = 'C:/Program Files/Unity/Hub/Editor/2021.1.22f1/Editor/Data/Managed'
Mono path[1] = 'C:/Program Files/Unity/Hub/Editor/2021.1.22f1/Editor/Data/MonoBleedingEdge/lib/mono/unityjit'
Mono config path = 'C:/Program Files/Unity/Hub/Editor/2021.1.22f1/Editor/Data/MonoBleedingEdge/etc'
Using monoOptions --debugger-agent=transport=dt_socket,embedding=1,server=y,suspend=n,address=127.0.0.1:56700
Begin MonoManager ReloadAssembly
Registering precompiled unity dll's ...
Register platform support module: C:/Program Files/Unity/Hub/Editor/2021.1.22f1/Editor/Data/PlaybackEngines/WindowsStandaloneSupport/UnityEditor.WindowsStandalone.Extensions.dll
Register platform support module: C:/Program Files/Unity/Hub/Editor/2021.1.22f1/Editor/Data/PlaybackEngines/LinuxStandaloneSupport/UnityEditor.LinuxStandalone.Extensions.dll
Registered in 0.003408 seconds.
Native extension for LinuxStandalone target not found
Native extension for WindowsStandalone target not found
Refreshing native plugins compatible for Editor in 36.44 ms, found 1 plugins.
Preloading 0 native plugins for Editor in 0.00 ms.
Mono: successfully reloaded assembly
- Completed reload, in  5.087 seconds
Domain Reload Profiling:
	ReloadAssembly (5087ms)
		BeginReloadAssembly (82ms)
			ExecutionOrderSort (0ms)
			DisableScriptedObjects (0ms)
			BackupInstance (0ms)
			ReleaseScriptingObjects (0ms)
			CreateAndSetChildDomain (1ms)
		EndReloadAssembly (1175ms)
			LoadAssemblies (79ms)
			RebuildTransferFunctionScriptingTraits (0ms)
			SetupTypeCache (229ms)
			ReleaseScriptCaches (0ms)
			RebuildScriptCaches (44ms)
			SetupLoadedEditorAssemblies (838ms)
				LogAssemblyErrors (0ms)
				InitializePlatformSupportModulesInManaged (11ms)
				SetLoadedEditorAssemblies (0ms)
				RefreshPlugins (37ms)
				BeforeProcessingInitializeOnLoad (2ms)
				ProcessInitializeOnLoadAttributes (116ms)
				ProcessInitializeOnLoadMethodAttributes (673ms)
				AfterProcessingInitializeOnLoad (0ms)
				EditorAssembliesLoaded (0ms)
			ExecutionOrderSort2 (0ms)
			AwakeInstancesAfterBackupRestoration (0ms)
Platform modules already initialized, skipping
Registering precompiled user dll's ...
Registered in 0.062097 seconds.
Begin MonoManager ReloadAssembly
Native extension for LinuxStandalone target not found
Native extension for WindowsStandalone target not found
Refreshing native plugins compatible for Editor in 33.66 ms, found 1 plugins.
Preloading 0 native plugins for Editor in 0.00 ms.
Mono: successfully reloaded assembly
- Completed reload, in  2.525 seconds
Domain Reload Profiling:
	ReloadAssembly (2526ms)
		BeginReloadAssembly (304ms)
			ExecutionOrderSort (0ms)
			DisableScriptedObjects (8ms)
			BackupInstance (0ms)
			ReleaseScriptingObjects (0ms)
			CreateAndSetChildDomain (37ms)
		EndReloadAssembly (2124ms)
			LoadAssemblies (162ms)
			RebuildTransferFunctionScriptingTraits (0ms)
			SetupTypeCache (381ms)
			ReleaseScriptCaches (0ms)
			RebuildScriptCaches (55ms)
			SetupLoadedEditorAssemblies (1407ms)
				LogAssemblyErrors (0ms)
				InitializePlatformSupportModulesInManaged (24ms)
				SetLoadedEditorAssemblies (0ms)
				RefreshPlugins (34ms)
				BeforeProcessingInitializeOnLoad (98ms)
				ProcessInitializeOnLoadAttributes (1232ms)
				ProcessInitializeOnLoadMethodAttributes (10ms)
				AfterProcessingInitializeOnLoad (9ms)
				EditorAssembliesLoaded (0ms)
			ExecutionOrderSort2 (0ms)
			AwakeInstancesAfterBackupRestoration (9ms)
Platform modules already initialized, skipping
========================================================================
Worker process is ready to serve import requests
Launched and connected shader compiler UnityShaderCompiler.exe after 0.10 seconds
Refreshing native plugins compatible for Editor in 0.60 ms, found 1 plugins.
Preloading 0 native plugins for Editor in 0.00 ms.
Unloading 1566 Unused Serialized files (Serialized files now loaded: 0)
System memory in use before: 86.6 MB.
System memory in use after: 86.7 MB.

Unloading 34 unused Assets to reduce memory usage. Loaded Objects now: 2008.
Total: 3.854100 ms (FindLiveObjects: 0.185000 ms CreateObjectMapping: 0.109400 ms MarkObjects: 3.461900 ms  DeleteObjects: 0.096600 ms)

AssetImportParameters requested are different than current active one (requested -> active):
  custom:framework-win-MediaFoundation: 216162199b28c13a410421893ffa2e32 -> 
  custom:video-decoder-ogg-theora: a1e56fd34408186e4bbccfd4996cb3dc -> 
  custom:container-muxer-webm: aa71ff27fc2769a1b78a27578f13a17b -> 
  custom:container-demuxer-webm: 4f35f7cbe854078d1ac9338744f61a02 -> 
  custom:container-demuxer-ogg: 62fdf1f143b41e24485cea50d1cbac27 -> 
  custom:video-encoder-webm-vp8: eb34c28f22e8b96e1ab97ce403110664 -> 
  custom:video-codec-MediaFoundation-h265: 746d11721c4dcdbdad8f713fa42b33f4 -> 
  custom:video-decoder-webm-vp8: 9c59270c3fd7afecdb556c50c9e8de78 -> 
  custom:audio-decoder-ogg-vorbis: bf7c407c2cedff20999df2af8eb42d56 -> 
  custom:audio-encoder-webm-vorbis: bf7c407c2cedff20999df2af8eb42d56 -> 
========================================================================
Received Import Request.
  path: Assets/ML-Agents/Examples/PushBlock/Scenes/PBTfinal_sensorTest.unity
  artifactKey: Guid(9ff5eb9ea5bec2a4f8a3d77f6875a1b7) Importer(815301076,1909f56bfc062723c751e8b465ee728b)
Start importing Assets/ML-Agents/Examples/PushBlock/Scenes/PBTfinal_sensorTest.unity using Guid(9ff5eb9ea5bec2a4f8a3d77f6875a1b7) Importer(815301076,1909f56bfc062723c751e8b465ee728b)  -> (artifact id: 'd938851849614e107f1b1d668dcc79ae') in 0.087380 seconds 
========================================================================
Received Import Request.
  Time since last request: 645.576305 seconds.
  path: Assets/ML-Agents/Examples/PushBlock/Prefabs/PBOrigTrainingArena.prefab
  artifactKey: Guid(68fd0a1c277ae514d9dd526b5ac431ea) Importer(815301076,1909f56bfc062723c751e8b465ee728b)
Start importing Assets/ML-Agents/Examples/PushBlock/Prefabs/PBOrigTrainingArena.prefab using Guid(68fd0a1c277ae514d9dd526b5ac431ea) Importer(815301076,1909f56bfc062723c751e8b465ee728b)  -> (artifact id: '78898a2ec090ded51cf248b1c186e769') in 0.402848 seconds 
========================================================================
Received Import Request.
  Time since last request: 0.000360 seconds.
  path: Assets/ML-Agents/Examples/PushBlock/Prefabs/PBTeamsAreaGrid.prefab
  artifactKey: Guid(f5bbed44a6ea747a687fbbb738eb1730) Importer(815301076,1909f56bfc062723c751e8b465ee728b)
Start importing Assets/ML-Agents/Examples/PushBlock/Prefabs/PBTeamsAreaGrid.prefab using Guid(f5bbed44a6ea747a687fbbb738eb1730) Importer(815301076,1909f56bfc062723c751e8b465ee728b)  -> (artifact id: 'cbf416b3bef22e26d1d86b8af503d320') in 0.088802 seconds 
========================================================================
Received Import Request.
  Time since last request: 0.000386 seconds.
  path: Assets/ML-Agents/Examples/PushBlock/Prefabs/PushBlockAgentGridCollab.prefab
  artifactKey: Guid(ac01d0f42c5e1463e943632a60d99967) Importer(815301076,1909f56bfc062723c751e8b465ee728b)
Start importing Assets/ML-Agents/Examples/PushBlock/Prefabs/PushBlockAgentGridCollab.prefab using Guid(ac01d0f42c5e1463e943632a60d99967) Importer(815301076,1909f56bfc062723c751e8b465ee728b)  -> (artifact id: '2809f120b3d539347892c31a335cc1de') in 0.104971 seconds 
========================================================================
Received Import Request.
  Time since last request: 0.000351 seconds.
  path: Assets/ML-Agents/Examples/PushBlock/Prefabs/PBTeamsEasyGrid.prefab
  artifactKey: Guid(43124a751c5036a41a0764eb11248503) Importer(815301076,1909f56bfc062723c751e8b465ee728b)
Start importing Assets/ML-Agents/Examples/PushBlock/Prefabs/PBTeamsEasyGrid.prefab using Guid(43124a751c5036a41a0764eb11248503) Importer(815301076,1909f56bfc062723c751e8b465ee728b)  -> (artifact id: 'ec5c3ef973ef2bdfc8ba172f21a5b75d') in 0.060546 seconds 
========================================================================
Received Import Request.
  Time since last request: 7.491426 seconds.
  path: Assets/ML-Agents/Examples/PushBlock/Prefabs/PBOrigTrainingArena.prefab
  artifactKey: Guid(68fd0a1c277ae514d9dd526b5ac431ea) Importer(815301076,1909f56bfc062723c751e8b465ee728b)
Start importing Assets/ML-Agents/Examples/PushBlock/Prefabs/PBOrigTrainingArena.prefab using Guid(68fd0a1c277ae514d9dd526b5ac431ea) Importer(815301076,1909f56bfc062723c751e8b465ee728b)  -> (artifact id: '0f507d8942bbfb0a7fbd92fde3758894') in 0.053143 seconds 
========================================================================
Received Import Request.
  Time since last request: 0.000308 seconds.
  path: Assets/ML-Agents/Examples/PushBlock/Prefabs/PBTeamsAreaGrid.prefab
  artifactKey: Guid(f5bbed44a6ea747a687fbbb738eb1730) Importer(815301076,1909f56bfc062723c751e8b465ee728b)
Start importing Assets/ML-Agents/Examples/PushBlock/Prefabs/PBTeamsAreaGrid.prefab using Guid(f5bbed44a6ea747a687fbbb738eb1730) Importer(815301076,1909f56bfc062723c751e8b465ee728b)  -> (artifact id: 'e6a1c60bcca9027309bd883c9e1541c6') in 0.061790 seconds 
========================================================================
Received Import Request.
  Time since last request: 0.000418 seconds.
  path: Assets/ML-Agents/Examples/PushBlock/Prefabs/PushBlockAgentGridCollab.prefab
  artifactKey: Guid(ac01d0f42c5e1463e943632a60d99967) Importer(815301076,1909f56bfc062723c751e8b465ee728b)
Start importing Assets/ML-Agents/Examples/PushBlock/Prefabs/PushBlockAgentGridCollab.prefab using Guid(ac01d0f42c5e1463e943632a60d99967) Importer(815301076,1909f56bfc062723c751e8b465ee728b)  -> (artifact id: '75dec9f9ac98e4cd9d901cd588e9d068') in 0.047185 seconds 
========================================================================
Received Import Request.
  Time since last request: 0.000290 seconds.
  path: Assets/ML-Agents/Examples/PushBlock/Prefabs/PBTeamsEasyGrid.prefab
  artifactKey: Guid(43124a751c5036a41a0764eb11248503) Importer(815301076,1909f56bfc062723c751e8b465ee728b)
Start importing Assets/ML-Agents/Examples/PushBlock/Prefabs/PBTeamsEasyGrid.prefab using Guid(43124a751c5036a41a0764eb11248503) Importer(815301076,1909f56bfc062723c751e8b465ee728b)  -> (artifact id: 'e7d6280e3f701d4631a90ceb9f979034') in 0.061010 seconds 
========================================================================
Received Import Request.
  Time since last request: 5.039135 seconds.
  path: Assets/ML-Agents/Examples/PushBlock/Prefabs/PBOrigTrainingArena.prefab
  artifactKey: Guid(68fd0a1c277ae514d9dd526b5ac431ea) Importer(815301076,1909f56bfc062723c751e8b465ee728b)
Start importing Assets/ML-Agents/Examples/PushBlock/Prefabs/PBOrigTrainingArena.prefab using Guid(68fd0a1c277ae514d9dd526b5ac431ea) Importer(815301076,1909f56bfc062723c751e8b465ee728b)  -> (artifact id: 'e79cee40030c1b4df6b7046f0b430e27') in 0.055676 seconds 
========================================================================
Received Import Request.
  Time since last request: 0.000351 seconds.
  path: Assets/ML-Agents/Examples/PushBlock/Prefabs/PBTeamsAreaGrid.prefab
  artifactKey: Guid(f5bbed44a6ea747a687fbbb738eb1730) Importer(815301076,1909f56bfc062723c751e8b465ee728b)
Start importing Assets/ML-Agents/Examples/PushBlock/Prefabs/PBTeamsAreaGrid.prefab using Guid(f5bbed44a6ea747a687fbbb738eb1730) Importer(815301076,1909f56bfc062723c751e8b465ee728b)  -> (artifact id: '595cdc0e0bb0747a44fc33fb44626fa6') in 0.055841 seconds 
========================================================================
Received Import Request.
  Time since last request: 0.000387 seconds.
  path: Assets/ML-Agents/Examples/PushBlock/Prefabs/PushBlockAgentGridCollab.prefab
  artifactKey: Guid(ac01d0f42c5e1463e943632a60d99967) Importer(815301076,1909f56bfc062723c751e8b465ee728b)
Start importing Assets/ML-Agents/Examples/PushBlock/Prefabs/PushBlockAgentGridCollab.prefab using Guid(ac01d0f42c5e1463e943632a60d99967) Importer(815301076,1909f56bfc062723c751e8b465ee728b)  -> (artifact id: '8ab2bfc0664f71e1c061d252b825b58c') in 0.047017 seconds 
========================================================================
Received Import Request.
  Time since last request: 0.000329 seconds.
  path: Assets/ML-Agents/Examples/PushBlock/Prefabs/PBTeamsEasyGrid.prefab
  artifactKey: Guid(43124a751c5036a41a0764eb11248503) Importer(815301076,1909f56bfc062723c751e8b465ee728b)
Start importing Assets/ML-Agents/Examples/PushBlock/Prefabs/PBTeamsEasyGrid.prefab using Guid(43124a751c5036a41a0764eb11248503) Importer(815301076,1909f56bfc062723c751e8b465ee728b)  -> (artifact id: 'd342987c95745a0d4efa193cddad20a5') in 0.055419 seconds 
========================================================================
Received Import Request.
  Time since last request: 9.862132 seconds.
  path: Assets/ML-Agents/Examples/PushBlock/Prefabs/PBOrigTrainingArena.prefab
  artifactKey: Guid(68fd0a1c277ae514d9dd526b5ac431ea) Importer(815301076,1909f56bfc062723c751e8b465ee728b)
Start importing Assets/ML-Agents/Examples/PushBlock/Prefabs/PBOrigTrainingArena.prefab using Guid(68fd0a1c277ae514d9dd526b5ac431ea) Importer(815301076,1909f56bfc062723c751e8b465ee728b)  -> (artifact id: '8c134bde881ad0f6953fd7518bfa37f9') in 0.058763 seconds 
========================================================================
Received Import Request.
  Time since last request: 0.000526 seconds.
  path: Assets/ML-Agents/Examples/PushBlock/Prefabs/PBTeamsAreaGrid.prefab
  artifactKey: Guid(f5bbed44a6ea747a687fbbb738eb1730) Importer(815301076,1909f56bfc062723c751e8b465ee728b)
Start importing Assets/ML-Agents/Examples/PushBlock/Prefabs/PBTeamsAreaGrid.prefab using Guid(f5bbed44a6ea747a687fbbb738eb1730) Importer(815301076,1909f56bfc062723c751e8b465ee728b)  -> (artifact id: 'cbf416b3bef22e26d1d86b8af503d320') in 0.080645 seconds 
========================================================================
Received Import Request.
  Time since last request: 4.003240 seconds.
  path: Assets/ML-Agents/Examples/PushBlock/Prefabs/PBOrigTrainingArena.prefab
  artifactKey: Guid(68fd0a1c277ae514d9dd526b5ac431ea) Importer(815301076,1909f56bfc062723c751e8b465ee728b)
Start importing Assets/ML-Agents/Examples/PushBlock/Prefabs/PBOrigTrainingArena.prefab using Guid(68fd0a1c277ae514d9dd526b5ac431ea) Importer(815301076,1909f56bfc062723c751e8b465ee728b)  -> (artifact id: 'bad07cf699a5d2acda5a1290f8ece532') in 0.053364 seconds 
========================================================================
Received Import Request.
  Time since last request: 0.000382 seconds.
  path: Assets/ML-Agents/Examples/PushBlock/Prefabs/PBTeamsAreaGrid.prefab
  artifactKey: Guid(f5bbed44a6ea747a687fbbb738eb1730) Importer(815301076,1909f56bfc062723c751e8b465ee728b)
Start importing Assets/ML-Agents/Examples/PushBlock/Prefabs/PBTeamsAreaGrid.prefab using Guid(f5bbed44a6ea747a687fbbb738eb1730) Importer(815301076,1909f56bfc062723c751e8b465ee728b)  -> (artifact id: '9e6cfc76fe8eeb98a90c45ce893347ae') in 0.071735 seconds 
========================================================================
Received Import Request.
  Time since last request: 0.000321 seconds.
  path: Assets/ML-Agents/Examples/PushBlock/Prefabs/PushBlockAgentGridCollab.prefab
  artifactKey: Guid(ac01d0f42c5e1463e943632a60d99967) Importer(815301076,1909f56bfc062723c751e8b465ee728b)
Start importing Assets/ML-Agents/Examples/PushBlock/Prefabs/PushBlockAgentGridCollab.prefab using Guid(ac01d0f42c5e1463e943632a60d99967) Importer(815301076,1909f56bfc062723c751e8b465ee728b)  -> (artifact id: '34a8cac7748e79995c05332d0286c47e') in 0.054181 seconds 
========================================================================
Received Import Request.
  Time since last request: 0.000313 seconds.
  path: Assets/ML-Agents/Examples/PushBlock/Prefabs/PBTeamsEasyGrid.prefab
  artifactKey: Guid(43124a751c5036a41a0764eb11248503) Importer(815301076,1909f56bfc062723c751e8b465ee728b)
Start importing Assets/ML-Agents/Examples/PushBlock/Prefabs/PBTeamsEasyGrid.prefab using Guid(43124a751c5036a41a0764eb11248503) Importer(815301076,1909f56bfc062723c751e8b465ee728b)  -> (artifact id: '15479c9754990b675ccebd5541a6f1ff') in 0.051457 seconds 
========================================================================
Received Import Request.
  Time since last request: 5.563223 seconds.
  path: Assets/ML-Agents/Examples/PushBlock/Scenes/PBTfinal.unity
  artifactKey: Guid(14e807a8c6cb8464691c74ba49f3266e) Importer(815301076,1909f56bfc062723c751e8b465ee728b)
Start importing Assets/ML-Agents/Examples/PushBlock/Scenes/PBTfinal.unity using Guid(14e807a8c6cb8464691c74ba49f3266e) Importer(815301076,1909f56bfc062723c751e8b465ee728b)  -> (artifact id: 'ed2e45d28ab98581a557c188fd447348') in 0.590905 seconds 
========================================================================
Received Import Request.
  Time since last request: 25.378488 seconds.
  path: Assets/ML-Agents/Examples/PushBlock/Scenes/PBTfinal_sensorTest.unity
  artifactKey: Guid(9ff5eb9ea5bec2a4f8a3d77f6875a1b7) Importer(815301076,1909f56bfc062723c751e8b465ee728b)
Start importing Assets/ML-Agents/Examples/PushBlock/Scenes/PBTfinal_sensorTest.unity using Guid(9ff5eb9ea5bec2a4f8a3d77f6875a1b7) Importer(815301076,1909f56bfc062723c751e8b465ee728b)  -> (artifact id: '8e00cb2e90d0d3c2939644433368e90d') in 0.032871 seconds 
========================================================================
Received Import Request.
  Time since last request: 46.953557 seconds.
  path: Assets/ML-Agents/Examples/PushBlock/Prefabs/PBOrigTrainingArena.prefab
  artifactKey: Guid(68fd0a1c277ae514d9dd526b5ac431ea) Importer(815301076,1909f56bfc062723c751e8b465ee728b)
Start importing Assets/ML-Agents/Examples/PushBlock/Prefabs/PBOrigTrainingArena.prefab using Guid(68fd0a1c277ae514d9dd526b5ac431ea) Importer(815301076,1909f56bfc062723c751e8b465ee728b)  -> (artifact id: '4b91e7b01ed3499a76315abd846bfcec') in 0.064251 seconds 
========================================================================
Received Import Request.
  Time since last request: 0.000405 seconds.
  path: Assets/ML-Agents/Examples/PushBlock/Prefabs/PBTeamsAreaGrid.prefab
  artifactKey: Guid(f5bbed44a6ea747a687fbbb738eb1730) Importer(815301076,1909f56bfc062723c751e8b465ee728b)
Start importing Assets/ML-Agents/Examples/PushBlock/Prefabs/PBTeamsAreaGrid.prefab using Guid(f5bbed44a6ea747a687fbbb738eb1730) Importer(815301076,1909f56bfc062723c751e8b465ee728b)  -> (artifact id: '652a482f6e650d01c9681e6ee335aef2') in 0.067117 seconds 
========================================================================
Received Import Request.
  Time since last request: 0.000249 seconds.
  path: Assets/ML-Agents/Examples/PushBlock/Prefabs/PushBlockAgentGridCollab.prefab
  artifactKey: Guid(ac01d0f42c5e1463e943632a60d99967) Importer(815301076,1909f56bfc062723c751e8b465ee728b)
Start importing Assets/ML-Agents/Examples/PushBlock/Prefabs/PushBlockAgentGridCollab.prefab using Guid(ac01d0f42c5e1463e943632a60d99967) Importer(815301076,1909f56bfc062723c751e8b465ee728b)  -> (artifact id: '7c3610f47376e40e05dc88621c680253') in 0.050521 seconds 
========================================================================
Received Import Request.
  Time since last request: 0.000284 seconds.
  path: Assets/ML-Agents/Examples/PushBlock/Prefabs/PBTeamsEasyGrid.prefab
  artifactKey: Guid(43124a751c5036a41a0764eb11248503) Importer(815301076,1909f56bfc062723c751e8b465ee728b)
Start importing Assets/ML-Agents/Examples/PushBlock/Prefabs/PBTeamsEasyGrid.prefab using Guid(43124a751c5036a41a0764eb11248503) Importer(815301076,1909f56bfc062723c751e8b465ee728b)  -> (artifact id: '788909dba79f9f89ae87d9cc056a967c') in 0.056778 seconds 
========================================================================
Received Import Request.
  Time since last request: 1067.542289 seconds.
  path: Assets/ML-Agents/Examples/PushBlock/Scenes/PBTfinal_sensorTest.unity
  artifactKey: Guid(9ff5eb9ea5bec2a4f8a3d77f6875a1b7) Importer(815301076,1909f56bfc062723c751e8b465ee728b)
Start importing Assets/ML-Agents/Examples/PushBlock/Scenes/PBTfinal_sensorTest.unity using Guid(9ff5eb9ea5bec2a4f8a3d77f6875a1b7) Importer(815301076,1909f56bfc062723c751e8b465ee728b)  -> (artifact id: '4754298a6ac61228d5518ed611d6f2ba') in 0.150655 seconds 
========================================================================
Received Import Request.
  Time since last request: 726.791951 seconds.
  path: Assets/ML-Agents/Examples/PushBlock/Prefabs/PBOrigTrainingArena.prefab
  artifactKey: Guid(68fd0a1c277ae514d9dd526b5ac431ea) Importer(815301076,1909f56bfc062723c751e8b465ee728b)
Start importing Assets/ML-Agents/Examples/PushBlock/Prefabs/PBOrigTrainingArena.prefab using Guid(68fd0a1c277ae514d9dd526b5ac431ea) Importer(815301076,1909f56bfc062723c751e8b465ee728b)  -> (artifact id: 'e242c18b04600ad5eed3ae442ea26360') in 0.259150 seconds 
========================================================================
Received Import Request.
  Time since last request: 8.948951 seconds.
  path: Assets/ML-Agents/Examples/PushBlock/Prefabs/PBOrigTrainingArena.prefab
  artifactKey: Guid(68fd0a1c277ae514d9dd526b5ac431ea) Importer(815301076,1909f56bfc062723c751e8b465ee728b)
Start importing Assets/ML-Agents/Examples/PushBlock/Prefabs/PBOrigTrainingArena.prefab using Guid(68fd0a1c277ae514d9dd526b5ac431ea) Importer(815301076,1909f56bfc062723c751e8b465ee728b)  -> (artifact id: '038aa42f230bd622cc2e8326c1294d84') in 0.113873 seconds 
========================================================================
Received Import Request.
  Time since last request: 0.000288 seconds.
  path: Assets/ML-Agents/Examples/PushBlock/Prefabs/PBTeamsAreaGrid.prefab
  artifactKey: Guid(f5bbed44a6ea747a687fbbb738eb1730) Importer(815301076,1909f56bfc062723c751e8b465ee728b)
Start importing Assets/ML-Agents/Examples/PushBlock/Prefabs/PBTeamsAreaGrid.prefab using Guid(f5bbed44a6ea747a687fbbb738eb1730) Importer(815301076,1909f56bfc062723c751e8b465ee728b)  -> (artifact id: '57bee178cfa1d77ba138a61891c2814a') in 0.197472 seconds 
========================================================================
Received Import Request.
  Time since last request: 0.000392 seconds.
  path: Assets/ML-Agents/Examples/PushBlock/Prefabs/PushBlockAgentGridCollab.prefab
  artifactKey: Guid(ac01d0f42c5e1463e943632a60d99967) Importer(815301076,1909f56bfc062723c751e8b465ee728b)
Start importing Assets/ML-Agents/Examples/PushBlock/Prefabs/PushBlockAgentGridCollab.prefab using Guid(ac01d0f42c5e1463e943632a60d99967) Importer(815301076,1909f56bfc062723c751e8b465ee728b)  -> (artifact id: 'ae34af9176f42315d22474ae43f4568f') in 0.050822 seconds 
========================================================================
Received Import Request.
  Time since last request: 0.000404 seconds.
  path: Assets/ML-Agents/Examples/PushBlock/Prefabs/PBTeamsEasyGrid.prefab
  artifactKey: Guid(43124a751c5036a41a0764eb11248503) Importer(815301076,1909f56bfc062723c751e8b465ee728b)
Start importing Assets/ML-Agents/Examples/PushBlock/Prefabs/PBTeamsEasyGrid.prefab using Guid(43124a751c5036a41a0764eb11248503) Importer(815301076,1909f56bfc062723c751e8b465ee728b)  -> (artifact id: 'fb58532aa6d28d048fbd98709451bacc') in 0.054810 seconds 
========================================================================
Received Import Request.
  Time since last request: 4.474936 seconds.
  path: Assets/ML-Agents/Examples/PushBlock/Scenes/PBTfinal_sensorTest.unity
  artifactKey: Guid(9ff5eb9ea5bec2a4f8a3d77f6875a1b7) Importer(815301076,1909f56bfc062723c751e8b465ee728b)
Start importing Assets/ML-Agents/Examples/PushBlock/Scenes/PBTfinal_sensorTest.unity using Guid(9ff5eb9ea5bec2a4f8a3d77f6875a1b7) Importer(815301076,1909f56bfc062723c751e8b465ee728b)  -> (artifact id: 'ef62d2398a53520f028ca09c98aea9d4') in 0.031430 seconds 
========================================================================
Received Import Request.
  Time since last request: 36.279972 seconds.
  path: Assets/ML-Agents/Examples/PushBlock/Scenes/PBTfinal_sensorTest.unity
  artifactKey: Guid(9ff5eb9ea5bec2a4f8a3d77f6875a1b7) Importer(815301076,1909f56bfc062723c751e8b465ee728b)
Start importing Assets/ML-Agents/Examples/PushBlock/Scenes/PBTfinal_sensorTest.unity using Guid(9ff5eb9ea5bec2a4f8a3d77f6875a1b7) Importer(815301076,1909f56bfc062723c751e8b465ee728b)  -> (artifact id: 'a7152361a79a090b4b4528ea732fa403') in 0.030575 seconds 
AssetImportWorkerClient::OnTransportError - code=2 error=End of file
