Mono path[0] = '/work/smleswaz/Project/Builds/PBT_finalOneBenchmarkSensor3_Data/Managed'
Mono config path = '/work/smleswaz/Project/Builds/PBT_finalOneBenchmarkSensor3_Data/MonoBleedingEdge/etc'
Preloaded 'lib_burst_generated.so'
Preloaded 'libgrpc_csharp_ext.x64.so'
Initialize engine version: 2021.1.22f1 (a137e5fb0427)
[Subsystems] Discovering subsystems at path /work/smleswaz/Project/Builds/PBT_finalOneBenchmarkSensor3_Data/UnitySubsystems
Forcing GfxDevice: Null
NullGfxDevice:
    Version:  NULL 1.0 [1.0]
    Renderer: Null Device
    Vendor:   Unity Technologies
Begin MonoManager ReloadAssembly
- Completed reload, in  8.552 seconds
ERROR: Shader Sprites/Default shader is not supported on this GPU (none of subshaders/fallbacks are suitable)
ERROR: Shader Sprites/Mask shader is not supported on this GPU (none of subshaders/fallbacks are suitable)
ERROR: Shader GUI/Text Shader shader is not supported on this GPU (none of subshaders/fallbacks are suitable)
ERROR: Shader Legacy Shaders/VertexLit shader is not supported on this GPU (none of subshaders/fallbacks are suitable)
WARNING: Shader Unsupported: 'Standard' - All subshaders removed
WARNING: Shader Did you use #pragma only_renderers and omit this platform?
WARNING: Shader If subshaders removal was intentional, you may have forgotten turning Fallback off?
ERROR: Shader Standard shader is not supported on this GPU (none of subshaders/fallbacks are suitable)
WARNING: Shader Unsupported: 'Standard' - All subshaders removed
WARNING: Shader Did you use #pragma only_renderers and omit this platform?
WARNING: Shader If subshaders removal was intentional, you may have forgotten turning Fallback off?
WARNING: Shader Unsupported: 'Legacy Shaders/Diffuse' - All subshaders removed
WARNING: Shader Did you use #pragma only_renderers and omit this platform?
WARNING: Shader If subshaders removal was intentional, you may have forgotten turning Fallback off?
ERROR: Shader Legacy Shaders/Diffuse shader is not supported on this GPU (none of subshaders/fallbacks are suitable)
WARNING: Shader Unsupported: 'Legacy Shaders/Diffuse' - All subshaders removed
WARNING: Shader Did you use #pragma only_renderers and omit this platform?
WARNING: Shader If subshaders removal was intentional, you may have forgotten turning Fallback off?
WARNING: Shader Unsupported: 'ML-Agents/GridPattern' - All subshaders removed
WARNING: Shader Did you use #pragma only_renderers and omit this platform?
WARNING: Shader If subshaders removal was intentional, you may have forgotten turning Fallback off?
ERROR: Shader ML-Agents/GridPattern shader is not supported on this GPU (none of subshaders/fallbacks are suitable)
WARNING: Shader Unsupported: 'ML-Agents/GridPattern' - All subshaders removed
WARNING: Shader Did you use #pragma only_renderers and omit this platform?
WARNING: Shader If subshaders removal was intentional, you may have forgotten turning Fallback off?
WARNING: Shader Unsupported: 'Autodesk Interactive' - All subshaders removed
WARNING: Shader Did you use #pragma only_renderers and omit this platform?
WARNING: Shader If subshaders removal was intentional, you may have forgotten turning Fallback off?
ERROR: Shader Autodesk Interactive shader is not supported on this GPU (none of subshaders/fallbacks are suitable)
WARNING: Shader Unsupported: 'Autodesk Interactive' - All subshaders removed
WARNING: Shader Did you use #pragma only_renderers and omit this platform?
WARNING: Shader If subshaders removal was intentional, you may have forgotten turning Fallback off?
UnloadTime: 0.722399 ms
Fallback handler could not load library /work/smleswaz/Project/Builds/PBT_finalOneBenchmarkSensor3_Data/Mono/libcoreclr.so
Fallback handler could not load library /work/smleswaz/Project/Builds/PBT_finalOneBenchmarkSensor3_Data/Mono/libcoreclr.so
Fallback handler could not load library /work/smleswaz/Project/Builds/PBT_finalOneBenchmarkSensor3_Data/Mono/libcoreclr.so
Fallback handler could not load library /work/smleswaz/Project/Builds/PBT_finalOneBenchmarkSensor3_Data/Mono/libSystem.dylib
Fallback handler could not load library /work/smleswaz/Project/Builds/PBT_finalOneBenchmarkSensor3_Data/Mono/libSystem.dylib.so
Fallback handler could not load library /work/smleswaz/Project/Builds/PBT_finalOneBenchmarkSensor3_Data/Mono/libSystem.dylib
Fallback handler could not load library /work/smleswaz/Project/Builds/PBT_finalOneBenchmarkSensor3_Data/Mono/libcoreclr.so
Fallback handler could not load library /work/smleswaz/Project/Builds/PBT_finalOneBenchmarkSensor3_Data/Mono/libcoreclr.so
Fallback handler could not load library /work/smleswaz/Project/Builds/PBT_finalOneBenchmarkSensor3_Data/Mono/libcoreclr.so
Fallback handler could not load library /work/smleswaz/Project/Builds/PBT_finalOneBenchmarkSensor3_Data/Mono/libSystem.dylib
Fallback handler could not load library /work/smleswaz/Project/Builds/PBT_finalOneBenchmarkSensor3_Data/Mono/libSystem.dylib.so
Fallback handler could not load library /work/smleswaz/Project/Builds/PBT_finalOneBenchmarkSensor3_Data/Mono/libSystem.dylib
ERROR: Shader UI/Default shader is not supported on this GPU (none of subshaders/fallbacks are suitable)
reset
reset
reset
reset
reset
reset
reset
reset
reset
reset
reset
reset
reset
reset
reset
reset
reset
reset
reset
reset
reset
reset
reset
reset
reset
reset
reset
reset
reset
reset
reset
reset
reset
reset
reset
reset
reset
reset
reset
reset
reset
reset
reset
reset
reset
reset
reset
reset
reset
reset
reset
reset
reset
reset
reset
reset
reset
reset
reset
reset
reset
reset
reset
reset
reset
reset
reset
reset
reset
reset
reset
reset
reset
reset
reset
reset
Getroffen! 1
reset
reset
reset
reset
reset
reset
reset
reset
reset
reset
reset
reset
reset
reset
reset
reset
Getroffen! 1
reset
reset
reset
reset
Getroffen! 1
reset
reset
reset
reset
reset
reset
reset
reset
reset
reset
reset
reset
reset
reset
reset
reset
reset
reset
reset
reset
reset
reset
reset
reset
reset
reset
reset
reset
reset
reset
reset
reset
reset
reset
reset
reset
reset
reset
reset
reset
reset
reset
reset
reset
reset
reset
reset
reset
reset
reset
reset
reset
reset
reset
reset
reset
reset
reset
reset
reset
reset
reset
reset
reset
reset
reset
reset
reset
reset
reset
reset
reset
reset
reset
reset
reset
reset
reset
reset
reset
reset
reset
reset
reset
Getroffen! 1
reset
reset
reset
reset
Getroffen! 1
Getroffen! 1
reset
reset
reset
reset
reset
reset
reset
reset
reset
reset
reset
reset
reset
reset
reset
reset
reset
reset
reset
reset
reset
reset
reset
reset
reset
reset
reset
reset
Getroffen! 1
reset
reset
reset
reset
Getroffen! 1
Getroffen! 1
reset
reset
reset
reset
reset
reset
reset
reset
Getroffen! 1
reset
reset
reset
reset
Getroffen! 1
reset
reset
reset
reset
Getroffen! 1
reset
reset
reset
reset
reset
reset
reset
reset
reset
reset
reset
reset
reset
reset
reset
reset
reset
reset
reset
reset
reset
reset
reset
reset
reset
reset
reset
reset
reset
reset
reset
reset
reset
reset
reset
reset
Getroffen! 1
reset
reset
reset
reset
Getroffen! 1
reset
reset
reset
reset
Getroffen! 1
reset
reset
reset
reset
reset
reset
reset
reset
Getroffen! 1
reset
reset
reset
reset
reset
reset
reset
reset
Getroffen! 1
reset
reset
reset
reset
Getroffen! 1
reset
reset
reset
reset
Getroffen! 1
reset
reset
reset
reset
reset
reset
reset
reset
Getroffen! 1
reset
reset
reset
reset
reset
reset
reset
reset
Getroffen! 1
reset
reset
reset
reset
reset
reset
reset
reset
reset
reset
reset
reset
Getroffen! 1
reset
reset
reset
reset
Getroffen! 1
reset
reset
reset
reset
reset
reset
reset
reset
Getroffen! 1
Getroffen! 1
reset
reset
reset
reset
Getroffen! 1
reset
reset
reset
reset
reset
reset
reset
reset
reset
reset
reset
reset
reset
reset
reset
reset
Getroffen! 1
Getroffen! 1
reset
reset
reset
reset
reset
reset
reset
reset
reset
reset
reset
reset
Getroffen! 1
reset
reset
reset
reset
Getroffen! 1
reset
reset
reset
reset
Getroffen! 1
reset
reset
reset
reset
Getroffen! 1
reset
reset
reset
reset
Getroffen! 1
Getroffen! 1
Getroffen! 1
reset
reset
reset
reset
Getroffen! 1
reset
reset
reset
reset
Getroffen! 1
reset
reset
reset
reset
Getroffen! 1
Getroffen! 1
Getroffen! 1
Getroffen! 1
reset
reset
reset
reset
Getroffen! 1
Getroffen! 1
reset
reset
reset
reset
Getroffen! 1
Getroffen! 1
Getroffen! 1
Getroffen! 1
Getroffen! 1
Getroffen! 1
reset
reset
reset
reset
Getroffen! 1
Getroffen! 1
Getroffen! 1
Getroffen! 1
Getroffen! 1
Getroffen! 1
Getroffen! 1
reset
reset
reset
reset
Getroffen! 1
Getroffen! 1
Getroffen! 1
Getroffen! 1
Getroffen! 1
Getroffen! 1
Getroffen! 1
reset
reset
reset
reset
Getroffen! 1
Getroffen! 1
Getroffen! 1
Getroffen! 1
Getroffen! 1
Getroffen! 1
Getroffen! 1
reset
reset
reset
reset
Getroffen! 1
Getroffen! 1
Getroffen! 1
Getroffen! 1
Getroffen! 1
Getroffen! 1
Getroffen! 1
Getroffen! 1
reset
reset
reset
reset
Getroffen! 1
Getroffen! 1
Getroffen! 1
Getroffen! 1
Getroffen! 1
reset
reset
reset
reset
Getroffen! 1
Getroffen! 1
Getroffen! 1
Getroffen! 1
Getroffen! 1
Getroffen! 1
Getroffen! 1
reset
reset
reset
reset
Getroffen! 1
Getroffen! 1
Getroffen! 1
Getroffen! 1
Getroffen! 1
Getroffen! 1
Getroffen! 1
Getroffen! 1
reset
reset
reset
reset
Getroffen! 1
Getroffen! 1
Getroffen! 1
Getroffen! 1
Getroffen! 1
Getroffen! 1
Getroffen! 1
Getroffen! 1
reset
reset
reset
reset
Getroffen! 1
Getroffen! 1
Getroffen! 1
Getroffen! 1
Getroffen! 1
Getroffen! 1
Getroffen! 1
reset
reset
reset
reset
Getroffen! 1
Getroffen! 1
Getroffen! 1
Getroffen! 1
Getroffen! 1
Getroffen! 1
Getroffen! 1
Getroffen! 1
reset
reset
reset
reset
Getroffen! 1
Getroffen! 1
Getroffen! 1
Getroffen! 1
Getroffen! 1
Getroffen! 1
Getroffen! 1
Getroffen! 1
reset
reset
reset
reset
Getroffen! 1
Getroffen! 1
Getroffen! 1
Getroffen! 1
Getroffen! 1
Getroffen! 1
Getroffen! 1
Getroffen! 1
reset
reset
reset
reset
Getroffen! 1
Getroffen! 1
Getroffen! 1
Getroffen! 1
Getroffen! 1
Getroffen! 1
Getroffen! 1
Getroffen! 1
reset
reset
reset
reset
Getroffen! 1
Getroffen! 1
Getroffen! 1
Getroffen! 1
Getroffen! 1
Getroffen! 1
Getroffen! 1
Getroffen! 1
reset
reset
reset
reset
Getroffen! 1
Getroffen! 1
Getroffen! 1
Getroffen! 1
Getroffen! 1
Getroffen! 1
Getroffen! 1
reset
reset
reset
reset
Getroffen! 1
Getroffen! 1
Getroffen! 1
Getroffen! 1
Getroffen! 1
Getroffen! 1
Getroffen! 1
reset
reset
reset
reset
Getroffen! 1
Getroffen! 1
Getroffen! 1
Getroffen! 1
Getroffen! 1
Getroffen! 1
Getroffen! 1
reset
reset
reset
reset
Getroffen! 1
Getroffen! 1
Getroffen! 1
Getroffen! 1
Getroffen! 1
Getroffen! 1
Getroffen! 1
reset
reset
reset
reset
Getroffen! 1
Getroffen! 1
Getroffen! 1
Getroffen! 1
Getroffen! 1
Getroffen! 1
Getroffen! 1
Getroffen! 1
reset
reset
reset
reset
Getroffen! 1
Getroffen! 1
Getroffen! 1
Getroffen! 1
Getroffen! 1
Getroffen! 1
Getroffen! 1
Getroffen! 1
reset
reset
reset
reset
Getroffen! 1
Getroffen! 1
Getroffen! 1
Getroffen! 1
Getroffen! 1
Getroffen! 1
Getroffen! 1
Getroffen! 1
reset
reset
reset
reset
Getroffen! 1
Getroffen! 1
Getroffen! 1
Getroffen! 1
Getroffen! 1
Getroffen! 1
Getroffen! 1
Getroffen! 1
reset
reset
reset
reset
Getroffen! 1
Getroffen! 1
Getroffen! 1
Getroffen! 1
Getroffen! 1
Getroffen! 1
Getroffen! 1
reset
reset
reset
reset
Getroffen! 1
Getroffen! 1
Getroffen! 1
Getroffen! 1
Getroffen! 1
Getroffen! 1
Getroffen! 1
Getroffen! 1
reset
reset
reset
reset
Getroffen! 1
Getroffen! 1
Getroffen! 1
Getroffen! 1
Getroffen! 1
Getroffen! 1
Getroffen! 1
reset
reset
reset
reset
Getroffen! 1
Getroffen! 1
Getroffen! 1
Getroffen! 1
Getroffen! 1
Getroffen! 1
Getroffen! 1
Getroffen! 1
reset
reset
reset
reset
Getroffen! 1
Getroffen! 1
Getroffen! 1
Getroffen! 1
Getroffen! 1
Getroffen! 1
Getroffen! 1
Getroffen! 1
reset
reset
reset
reset
Getroffen! 1
Getroffen! 1
Getroffen! 1
Getroffen! 1
Getroffen! 1
Getroffen! 1
Getroffen! 1
Getroffen! 1
reset
reset
reset
reset
Getroffen! 1
Getroffen! 1
Getroffen! 1
Getroffen! 1
Getroffen! 1
Getroffen! 1
Getroffen! 1
Getroffen! 1
reset
reset
reset
reset
Getroffen! 1
Getroffen! 1
Getroffen! 1
Getroffen! 1
Getroffen! 1
Getroffen! 1
Getroffen! 1
Getroffen! 1
reset
reset
reset
reset
Getroffen! 1
Getroffen! 1
Getroffen! 1
Getroffen! 1
Getroffen! 1
Getroffen! 1
Getroffen! 1
reset
reset
reset
reset
Getroffen! 1
Getroffen! 1
Getroffen! 1
Getroffen! 1
Getroffen! 1
Getroffen! 1
Getroffen! 1
Getroffen! 1
reset
reset
reset
reset
Getroffen! 1
Getroffen! 1
Getroffen! 1
Getroffen! 1
Getroffen! 1
Getroffen! 1
Getroffen! 1
Getroffen! 1
reset
reset
reset
reset
Getroffen! 1
Getroffen! 1
Getroffen! 1
Getroffen! 1
Getroffen! 1
Getroffen! 1
Getroffen! 1
Getroffen! 1
reset
reset
reset
reset
Getroffen! 1
Getroffen! 1
Getroffen! 1
Getroffen! 1
Getroffen! 1
Getroffen! 1
Getroffen! 1
reset
reset
reset
reset
Getroffen! 1
Getroffen! 1
Getroffen! 1
Getroffen! 1
Getroffen! 1
Getroffen! 1
Getroffen! 1
Getroffen! 1
reset
reset
reset
reset
Getroffen! 1
Getroffen! 1
Getroffen! 1
Getroffen! 1
Getroffen! 1
Getroffen! 1
Getroffen! 1
Getroffen! 1
reset
reset
reset
reset
Getroffen! 1
Getroffen! 1
Getroffen! 1
Getroffen! 1
Getroffen! 1
Getroffen! 1
Getroffen! 1
Getroffen! 1
reset
reset
reset
reset
Getroffen! 1
Getroffen! 1
Getroffen! 1
Getroffen! 1
Getroffen! 1
Getroffen! 1
Getroffen! 1
Getroffen! 1
reset
reset
reset
reset
Getroffen! 1
Getroffen! 1
Getroffen! 1
Getroffen! 1
Getroffen! 1
Getroffen! 1
Getroffen! 1
Getroffen! 1
reset
reset
reset
reset
Getroffen! 1
Getroffen! 1
Getroffen! 1
Getroffen! 1
Getroffen! 1
Getroffen! 1
Getroffen! 1
Getroffen! 1
reset
reset
reset
reset
Getroffen! 1
Getroffen! 1
Getroffen! 1
Getroffen! 1
Getroffen! 1
Getroffen! 1
Getroffen! 1
Getroffen! 1
reset
reset
reset
reset
Getroffen! 1
Getroffen! 1
Getroffen! 1
Getroffen! 1
Getroffen! 1
Getroffen! 1
Getroffen! 1
Getroffen! 1
reset
reset
reset
reset
Getroffen! 1
Getroffen! 1
Getroffen! 1
Getroffen! 1
Getroffen! 1
Getroffen! 1
Getroffen! 1
Getroffen! 1
reset
reset
reset
reset
Getroffen! 1
Getroffen! 1
Getroffen! 1
Getroffen! 1
Getroffen! 1
Getroffen! 1
Getroffen! 1
Getroffen! 1
reset
reset
reset
reset
Getroffen! 1
Getroffen! 1
Getroffen! 1
Getroffen! 1
Getroffen! 1
Getroffen! 1
Getroffen! 1
reset
reset
reset
reset
Getroffen! 1
Getroffen! 1
Getroffen! 1
Getroffen! 1
Getroffen! 1
Getroffen! 1
Getroffen! 1
Getroffen! 1
reset
reset
reset
reset
Getroffen! 1
Getroffen! 1
Getroffen! 1
Getroffen! 1
Getroffen! 1
Getroffen! 1
Getroffen! 1
Getroffen! 1
reset
reset
reset
reset
Getroffen! 1
Getroffen! 1
Getroffen! 1
Getroffen! 1
Getroffen! 1
Getroffen! 1
Getroffen! 1
Getroffen! 1
reset
reset
reset
reset
Getroffen! 1
Getroffen! 1
Getroffen! 1
Getroffen! 1
Getroffen! 1
Getroffen! 1
Getroffen! 1
Getroffen! 1
reset
reset
reset
reset
Getroffen! 1
Getroffen! 1
Getroffen! 1
Getroffen! 1
Getroffen! 1
Getroffen! 1
Getroffen! 1
Getroffen! 1
reset
reset
reset
reset
Getroffen! 1
Getroffen! 1
Getroffen! 1
Getroffen! 1
Getroffen! 1
Getroffen! 1
Getroffen! 1
reset
reset
reset
reset
Getroffen! 1
Getroffen! 1
Getroffen! 1
Getroffen! 1
Getroffen! 1
Getroffen! 1
Getroffen! 1
Getroffen! 1
reset
reset
reset
reset
Getroffen! 1
Getroffen! 1
Getroffen! 1
Getroffen! 1
Getroffen! 1
Getroffen! 1
Getroffen! 1
Getroffen! 1
reset
reset
reset
reset
Getroffen! 1
Getroffen! 1
Getroffen! 1
Getroffen! 1
Getroffen! 1
Getroffen! 1
Getroffen! 1
Getroffen! 1
reset
reset
reset
reset
Getroffen! 1
Getroffen! 1
Getroffen! 1
Getroffen! 1
Getroffen! 1
Getroffen! 1
Getroffen! 1
Getroffen! 1
reset
reset
reset
reset
Getroffen! 1
Getroffen! 1
Getroffen! 1
Getroffen! 1
Getroffen! 1
Getroffen! 1
Getroffen! 1
Getroffen! 1
reset
reset
reset
reset
Getroffen! 1
Getroffen! 1
Getroffen! 1
Getroffen! 1
Getroffen! 1
Getroffen! 1
Getroffen! 1
Getroffen! 1
reset
reset
reset
reset
Getroffen! 1
Getroffen! 1
Getroffen! 1
Getroffen! 1
Getroffen! 1
Getroffen! 1
Getroffen! 1
Getroffen! 1
reset
reset
reset
reset
Getroffen! 1
Getroffen! 1
Getroffen! 1
Getroffen! 1
Getroffen! 1
Getroffen! 1
Getroffen! 1
Getroffen! 1
reset
reset
reset
reset
Getroffen! 1
Getroffen! 1
Getroffen! 1
Getroffen! 1
Getroffen! 1
Getroffen! 1
Getroffen! 1
Getroffen! 1
reset
reset
reset
reset
Getroffen! 1
Getroffen! 1
Getroffen! 1
Getroffen! 1
Getroffen! 1
Getroffen! 1
Getroffen! 1
Getroffen! 1
reset
reset
reset
reset
Getroffen! 1
Getroffen! 1
Getroffen! 1
Getroffen! 1
Getroffen! 1
Getroffen! 1
Getroffen! 1
Getroffen! 1
reset
reset
reset
reset
Getroffen! 1
Getroffen! 1
Getroffen! 1
Getroffen! 1
Getroffen! 1
Getroffen! 1
Getroffen! 1
Getroffen! 1
reset
reset
reset
reset
Getroffen! 1
Getroffen! 1
Getroffen! 1
Getroffen! 1
Getroffen! 1
Getroffen! 1
Getroffen! 1
Getroffen! 1
reset
reset
reset
reset
Getroffen! 1
Getroffen! 1
Getroffen! 1
Getroffen! 1
Getroffen! 1
Getroffen! 1
Getroffen! 1
Getroffen! 1
reset
reset
reset
reset
Getroffen! 1
Getroffen! 1
Getroffen! 1
Getroffen! 1
Getroffen! 1
Getroffen! 1
Getroffen! 1
Getroffen! 1
reset
reset
reset
reset
Getroffen! 1
Getroffen! 1
Getroffen! 1
Getroffen! 1
Getroffen! 1
Getroffen! 1
Getroffen! 1
Getroffen! 1
reset
reset
reset
reset
Getroffen! 1
Getroffen! 1
Getroffen! 1
Getroffen! 1
Getroffen! 1
Getroffen! 1
Getroffen! 1
Getroffen! 1
reset
reset
reset
reset
Getroffen! 1
Getroffen! 1
Getroffen! 1
Getroffen! 1
Getroffen! 1
Getroffen! 1
Getroffen! 1
Getroffen! 1
reset
reset
reset
reset
Getroffen! 1
Getroffen! 1
Getroffen! 1
Getroffen! 1
Getroffen! 1
Getroffen! 1
Getroffen! 1
Getroffen! 1
reset
reset
reset
reset
Getroffen! 1
Getroffen! 1
Getroffen! 1
Getroffen! 1
Getroffen! 1
Getroffen! 1
Getroffen! 1
Getroffen! 1
reset
reset
reset
reset
Getroffen! 1
Getroffen! 1
Getroffen! 1
Getroffen! 1
Getroffen! 1
Getroffen! 1
Getroffen! 1
Getroffen! 1
reset
reset
reset
reset
Getroffen! 1
Getroffen! 1
Getroffen! 1
Getroffen! 1
Getroffen! 1
Getroffen! 1
Getroffen! 1
Getroffen! 1
reset
reset
reset
reset
Getroffen! 1
Getroffen! 1
Getroffen! 1
Getroffen! 1
Getroffen! 1
Getroffen! 1
Getroffen! 1
Getroffen! 1
reset
reset
reset
reset
Getroffen! 1
Getroffen! 1
Getroffen! 1
Getroffen! 1
Getroffen! 1
Getroffen! 1
Getroffen! 1
Getroffen! 1
reset
reset
reset
reset
Getroffen! 1
Getroffen! 1
Getroffen! 1
Getroffen! 1
Getroffen! 1
Getroffen! 1
Getroffen! 1
Getroffen! 1
reset
reset
reset
reset
Getroffen! 1
Getroffen! 1
Getroffen! 1
Getroffen! 1
Getroffen! 1
Getroffen! 1
Getroffen! 1
Getroffen! 1
reset
reset
reset
reset
Getroffen! 1
Getroffen! 1
Getroffen! 1
Getroffen! 1
Getroffen! 1
Getroffen! 1
Getroffen! 1
Getroffen! 1
reset
reset
reset
reset
Getroffen! 1
Getroffen! 1
Getroffen! 1
Getroffen! 1
Getroffen! 1
Getroffen! 1
Getroffen! 1
Getroffen! 1
reset
reset
reset
reset
Getroffen! 1
Getroffen! 1
Getroffen! 1
Getroffen! 1
Getroffen! 1
Getroffen! 1
Getroffen! 1
Getroffen! 1
reset
reset
reset
reset
Getroffen! 1
Getroffen! 1
Getroffen! 1
Getroffen! 1
Getroffen! 1
Getroffen! 1
Getroffen! 1
Getroffen! 1
reset
reset
reset
reset
Getroffen! 1
Getroffen! 1
Getroffen! 1
Getroffen! 1
Getroffen! 1
Getroffen! 1
Getroffen! 1
Getroffen! 1
reset
reset
reset
reset
Getroffen! 1
Getroffen! 1
Getroffen! 1
Getroffen! 1
Getroffen! 1
Getroffen! 1
Getroffen! 1
Getroffen! 1
reset
reset
reset
reset
Getroffen! 1
Getroffen! 1
Getroffen! 1
Getroffen! 1
Getroffen! 1
Getroffen! 1
Getroffen! 1
Getroffen! 1
reset
reset
reset
reset
Getroffen! 1
Getroffen! 1
Getroffen! 1
Getroffen! 1
Getroffen! 1
Getroffen! 1
Getroffen! 1
Getroffen! 1
reset
reset
reset
reset
Getroffen! 1
Getroffen! 1
Getroffen! 1
Getroffen! 1
Getroffen! 1
Getroffen! 1
Getroffen! 1
Getroffen! 1
reset
reset
reset
reset
Getroffen! 1
Getroffen! 1
Getroffen! 1
Getroffen! 1
Getroffen! 1
Getroffen! 1
Getroffen! 1
Getroffen! 1
reset
reset
reset
reset
Getroffen! 1
Getroffen! 1
Getroffen! 1
Getroffen! 1
Getroffen! 1
Getroffen! 1
Getroffen! 1
Getroffen! 1
reset
reset
reset
reset
Getroffen! 1
Getroffen! 1
Getroffen! 1
Getroffen! 1
Getroffen! 1
Getroffen! 1
Getroffen! 1
reset
reset
reset
reset
Getroffen! 1
Getroffen! 1
Getroffen! 1
Getroffen! 1
Getroffen! 1
Getroffen! 1
Getroffen! 1
Getroffen! 1
reset
reset
reset
reset
Getroffen! 1
Getroffen! 1
Getroffen! 1
Getroffen! 1
Getroffen! 1
Getroffen! 1
Getroffen! 1
Getroffen! 1
reset
reset
reset
reset
Getroffen! 1
Getroffen! 1
Getroffen! 1
Getroffen! 1
Getroffen! 1
Getroffen! 1
Getroffen! 1
Getroffen! 1
reset
reset
reset
reset
Getroffen! 1
Getroffen! 1
Getroffen! 1
Getroffen! 1
Getroffen! 1
Getroffen! 1
Getroffen! 1
Getroffen! 1
reset
reset
reset
reset
Getroffen! 1
Getroffen! 1
Getroffen! 1
Getroffen! 1
Getroffen! 1
Getroffen! 1
Getroffen! 1
Getroffen! 1
reset
reset
reset
reset
Getroffen! 1
Getroffen! 1
Getroffen! 1
Getroffen! 1
Getroffen! 1
Getroffen! 1
Getroffen! 1
reset
reset
reset
reset
Getroffen! 1
Getroffen! 1
Getroffen! 1
Getroffen! 1
Getroffen! 1
Getroffen! 1
Getroffen! 1
Getroffen! 1
reset
reset
reset
reset
Getroffen! 1
Getroffen! 1
Getroffen! 1
Getroffen! 1
Getroffen! 1
Getroffen! 1
Getroffen! 1
Getroffen! 1
reset
reset
reset
reset
Getroffen! 1
Getroffen! 1
Getroffen! 1
Getroffen! 1
Getroffen! 1
Getroffen! 1
Getroffen! 1
Getroffen! 1
reset
reset
reset
reset
Getroffen! 1
Getroffen! 1
Getroffen! 1
Getroffen! 1
Getroffen! 1
Setting up 10 worker threads for Enlighten.
  Thread -> id: 2b86fab43700 -> priority: 1 
  Thread -> id: 2b86f8a22700 -> priority: 1 
  Thread -> id: 2b86f9427700 -> priority: 1 
  Thread -> id: 2b86f9c2b700 -> priority: 1 
  Thread -> id: 2b86f9829700 -> priority: 1 
  Thread -> id: 2b86f9025700 -> priority: 1 
  Thread -> id: 2b86f9e2c700 -> priority: 1 
  Thread -> id: 2b86f9a2a700 -> priority: 1 
  Thread -> id: 2b86f9628700 -> priority: 1 
  Thread -> id: 2b86f9226700 -> priority: 1 
